19:00:01,469  INFO ContextLoader:285 - Root WebApplicationContext: initialization started
19:00:01,512 DEBUG StandardServletEnvironment:109 - Adding [servletConfigInitParams] PropertySource with lowest search precedence
19:00:01,512 DEBUG StandardServletEnvironment:109 - Adding [servletContextInitParams] PropertySource with lowest search precedence
19:00:01,514 DEBUG StandardServletEnvironment:109 - Adding [jndiProperties] PropertySource with lowest search precedence
19:00:01,514 DEBUG StandardServletEnvironment:109 - Adding [systemProperties] PropertySource with lowest search precedence
19:00:01,515 DEBUG StandardServletEnvironment:109 - Adding [systemEnvironment] PropertySource with lowest search precedence
19:00:01,515 DEBUG StandardServletEnvironment:126 - Initialized StandardServletEnvironment with PropertySources [servletConfigInitParams,servletContextInitParams,jndiProperties,systemProperties,systemEnvironment]
19:00:01,517 DEBUG StandardServletEnvironment:174 - Replacing [servletContextInitParams] PropertySource with [servletContextInitParams]
19:00:01,517  INFO XmlWebApplicationContext:510 - Refreshing Root WebApplicationContext: startup date [Tue Dec 23 19:00:01 EST 2014]; root of context hierarchy
19:00:01,536 DEBUG StandardEnvironment:109 - Adding [systemProperties] PropertySource with lowest search precedence
19:00:01,537 DEBUG StandardEnvironment:109 - Adding [systemEnvironment] PropertySource with lowest search precedence
19:00:01,537 DEBUG StandardEnvironment:126 - Initialized StandardEnvironment with PropertySources [systemProperties,systemEnvironment]
19:00:01,541  INFO XmlBeanDefinitionReader:317 - Loading XML bean definitions from ServletContext resource [/WEB-INF/applicationContext.xml]
19:00:01,542 DEBUG DefaultDocumentLoader:73 - Using JAXP provider [com.sun.org.apache.xerces.internal.jaxp.DocumentBuilderFactoryImpl]
19:00:01,558 DEBUG PluggableSchemaResolver:141 - Loading schema mappings from [META-INF/spring.schemas]
19:00:01,559 DEBUG PluggableSchemaResolver:147 - Loaded schema mappings: {http://www.springframework.org/schema/aop/spring-aop-4.1.xsd=org/springframework/aop/config/spring-aop-4.1.xsd, http://www.springframework.org/schema/context/spring-context-3.1.xsd=org/springframework/context/config/spring-context-3.1.xsd, http://www.springframework.org/schema/util/spring-util-3.0.xsd=org/springframework/beans/factory/xml/spring-util-3.0.xsd, http://www.springframework.org/schema/mvc/spring-mvc-4.1.xsd=org/springframework/web/servlet/config/spring-mvc-4.1.xsd, http://www.springframework.org/schema/tool/spring-tool.xsd=org/springframework/beans/factory/xml/spring-tool-4.1.xsd, http://www.springframework.org/schema/aop/spring-aop-3.2.xsd=org/springframework/aop/config/spring-aop-3.2.xsd, http://www.springframework.org/schema/lang/spring-lang-4.1.xsd=org/springframework/scripting/config/spring-lang-4.1.xsd, http://www.springframework.org/schema/context/spring-context-4.0.xsd=org/springframework/context/config/spring-context-4.0.xsd, http://www.springframework.org/schema/mvc/spring-mvc-3.2.xsd=org/springframework/web/servlet/config/spring-mvc-3.2.xsd, http://www.springframework.org/schema/tool/spring-tool-4.1.xsd=org/springframework/beans/factory/xml/spring-tool-4.1.xsd, http://www.springframework.org/schema/lang/spring-lang-3.2.xsd=org/springframework/scripting/config/spring-lang-3.2.xsd, http://www.springframework.org/schema/cache/spring-cache-3.2.xsd=org/springframework/cache/config/spring-cache-3.2.xsd, http://www.springframework.org/schema/jee/spring-jee-4.1.xsd=org/springframework/ejb/config/spring-jee-4.1.xsd, http://www.springframework.org/schema/util/spring-util-2.0.xsd=org/springframework/beans/factory/xml/spring-util-2.0.xsd, http://www.springframework.org/schema/tool/spring-tool-3.2.xsd=org/springframework/beans/factory/xml/spring-tool-3.2.xsd, http://www.springframework.org/schema/context/spring-context.xsd=org/springframework/context/config/spring-context-4.1.xsd, http://www.springframework.org/schema/cache/spring-cache-4.1.xsd=org/springframework/cache/config/spring-cache-4.1.xsd, http://www.springframework.org/schema/aop/spring-aop-4.0.xsd=org/springframework/aop/config/spring-aop-4.0.xsd, http://www.springframework.org/schema/jee/spring-jee-3.2.xsd=org/springframework/ejb/config/spring-jee-3.2.xsd, http://www.springframework.org/schema/context/spring-context-3.0.xsd=org/springframework/context/config/spring-context-3.0.xsd, http://www.springframework.org/schema/util/spring-util-2.5.xsd=org/springframework/beans/factory/xml/spring-util-2.5.xsd, http://www.springframework.org/schema/mvc/spring-mvc-4.0.xsd=org/springframework/web/servlet/config/spring-mvc-4.0.xsd, http://www.springframework.org/schema/beans/spring-beans-3.2.xsd=org/springframework/beans/factory/xml/spring-beans-3.2.xsd, http://www.springframework.org/schema/aop/spring-aop-3.1.xsd=org/springframework/aop/config/spring-aop-3.1.xsd, http://www.springframework.org/schema/lang/spring-lang-4.0.xsd=org/springframework/scripting/config/spring-lang-4.0.xsd, http://www.springframework.org/schema/mvc/spring-mvc.xsd=org/springframework/web/servlet/config/spring-mvc-4.1.xsd, http://www.springframework.org/schema/mvc/spring-mvc-3.1.xsd=org/springframework/web/servlet/config/spring-mvc-3.1.xsd, http://www.springframework.org/schema/beans/spring-beans-4.1.xsd=org/springframework/beans/factory/xml/spring-beans-4.1.xsd, http://www.springframework.org/schema/tool/spring-tool-4.0.xsd=org/springframework/beans/factory/xml/spring-tool-4.0.xsd, http://www.springframework.org/schema/lang/spring-lang-3.1.xsd=org/springframework/scripting/config/spring-lang-3.1.xsd, http://www.springframework.org/schema/cache/spring-cache-3.1.xsd=org/springframework/cache/config/spring-cache-3.1.xsd, http://www.springframework.org/schema/jee/spring-jee-4.0.xsd=org/springframework/ejb/config/spring-jee-4.0.xsd, http://www.springframework.org/schema/task/spring-task-4.1.xsd=org/springframework/scheduling/config/spring-task-4.1.xsd, http://www.springframework.org/schema/tool/spring-tool-3.1.xsd=org/springframework/beans/factory/xml/spring-tool-3.1.xsd, http://www.springframework.org/schema/cache/spring-cache-4.0.xsd=org/springframework/cache/config/spring-cache-4.0.xsd, http://www.springframework.org/schema/jee/spring-jee-3.1.xsd=org/springframework/ejb/config/spring-jee-3.1.xsd, http://www.springframework.org/schema/task/spring-task-3.2.xsd=org/springframework/scheduling/config/spring-task-3.2.xsd, http://www.springframework.org/schema/beans/spring-beans-3.1.xsd=org/springframework/beans/factory/xml/spring-beans-3.1.xsd, http://www.springframework.org/schema/util/spring-util.xsd=org/springframework/beans/factory/xml/spring-util-4.1.xsd, http://www.springframework.org/schema/aop/spring-aop-3.0.xsd=org/springframework/aop/config/spring-aop-3.0.xsd, http://www.springframework.org/schema/mvc/spring-mvc-3.0.xsd=org/springframework/web/servlet/config/spring-mvc-3.0.xsd, http://www.springframework.org/schema/beans/spring-beans-4.0.xsd=org/springframework/beans/factory/xml/spring-beans-4.0.xsd, http://www.springframework.org/schema/beans/spring-beans.xsd=org/springframework/beans/factory/xml/spring-beans-4.1.xsd, http://www.springframework.org/schema/lang/spring-lang-3.0.xsd=org/springframework/scripting/config/spring-lang-3.0.xsd, http://www.springframework.org/schema/context/spring-context-2.5.xsd=org/springframework/context/config/spring-context-2.5.xsd, http://www.springframework.org/schema/task/spring-task-4.0.xsd=org/springframework/scheduling/config/spring-task-4.0.xsd, http://www.springframework.org/schema/tool/spring-tool-3.0.xsd=org/springframework/beans/factory/xml/spring-tool-3.0.xsd, http://www.springframework.org/schema/aop/spring-aop-2.0.xsd=org/springframework/aop/config/spring-aop-2.0.xsd, http://www.springframework.org/schema/jee/spring-jee-3.0.xsd=org/springframework/ejb/config/spring-jee-3.0.xsd, http://www.springframework.org/schema/util/spring-util-4.1.xsd=org/springframework/beans/factory/xml/spring-util-4.1.xsd, http://www.springframework.org/schema/task/spring-task-3.1.xsd=org/springframework/scheduling/config/spring-task-3.1.xsd, http://www.springframework.org/schema/beans/spring-beans-3.0.xsd=org/springframework/beans/factory/xml/spring-beans-3.0.xsd, http://www.springframework.org/schema/jee/spring-jee.xsd=org/springframework/ejb/config/spring-jee-4.1.xsd, http://www.springframework.org/schema/aop/spring-aop-2.5.xsd=org/springframework/aop/config/spring-aop-2.5.xsd, http://www.springframework.org/schema/lang/spring-lang-2.0.xsd=org/springframework/scripting/config/spring-lang-2.0.xsd, http://www.springframework.org/schema/util/spring-util-3.2.xsd=org/springframework/beans/factory/xml/spring-util-3.2.xsd, http://www.springframework.org/schema/task/spring-task.xsd=org/springframework/scheduling/config/spring-task-4.1.xsd, http://www.springframework.org/schema/tool/spring-tool-2.0.xsd=org/springframework/beans/factory/xml/spring-tool-2.0.xsd, http://www.springframework.org/schema/lang/spring-lang-2.5.xsd=org/springframework/scripting/config/spring-lang-2.5.xsd, http://www.springframework.org/schema/jee/spring-jee-2.0.xsd=org/springframework/ejb/config/spring-jee-2.0.xsd, http://www.springframework.org/schema/tool/spring-tool-2.5.xsd=org/springframework/beans/factory/xml/spring-tool-2.5.xsd, http://www.springframework.org/schema/jee/spring-jee-2.5.xsd=org/springframework/ejb/config/spring-jee-2.5.xsd, http://www.springframework.org/schema/util/spring-util-4.0.xsd=org/springframework/beans/factory/xml/spring-util-4.0.xsd, http://www.springframework.org/schema/task/spring-task-3.0.xsd=org/springframework/scheduling/config/spring-task-3.0.xsd, http://www.springframework.org/schema/lang/spring-lang.xsd=org/springframework/scripting/config/spring-lang-4.1.xsd, http://www.springframework.org/schema/context/spring-context-3.2.xsd=org/springframework/context/config/spring-context-3.2.xsd, http://www.springframework.org/schema/util/spring-util-3.1.xsd=org/springframework/beans/factory/xml/spring-util-3.1.xsd, http://www.springframework.org/schema/beans/spring-beans-2.0.xsd=org/springframework/beans/factory/xml/spring-beans-2.0.xsd, http://www.springframework.org/schema/cache/spring-cache.xsd=org/springframework/cache/config/spring-cache-4.1.xsd, http://www.springframework.org/schema/context/spring-context-4.1.xsd=org/springframework/context/config/spring-context-4.1.xsd, http://www.springframework.org/schema/beans/spring-beans-2.5.xsd=org/springframework/beans/factory/xml/spring-beans-2.5.xsd, http://www.springframework.org/schema/aop/spring-aop.xsd=org/springframework/aop/config/spring-aop-4.1.xsd}
19:00:01,560 DEBUG PluggableSchemaResolver:119 - Found XML schema [http://www.springframework.org/schema/beans/spring-beans-4.1.xsd] in classpath: org/springframework/beans/factory/xml/spring-beans-4.1.xsd
19:00:01,584 DEBUG PluggableSchemaResolver:119 - Found XML schema [http://www.springframework.org/schema/context/spring-context-4.1.xsd] in classpath: org/springframework/context/config/spring-context-4.1.xsd
19:00:01,589 DEBUG PluggableSchemaResolver:119 - Found XML schema [http://www.springframework.org/schema/tool/spring-tool-4.1.xsd] in classpath: org/springframework/beans/factory/xml/spring-tool-4.1.xsd
19:00:01,595 DEBUG DefaultBeanDefinitionDocumentReader:98 - Loading bean definitions
19:00:01,600 DEBUG DefaultNamespaceHandlerResolver:157 - Loaded NamespaceHandler mappings: {http://www.springframework.org/schema/p=org.springframework.beans.factory.xml.SimplePropertyNamespaceHandler, http://www.springframework.org/schema/mvc=org.springframework.web.servlet.config.MvcNamespaceHandler, http://www.springframework.org/schema/util=org.springframework.beans.factory.xml.UtilNamespaceHandler, http://www.springframework.org/schema/jee=org.springframework.ejb.config.JeeNamespaceHandler, http://www.springframework.org/schema/aop=org.springframework.aop.config.AopNamespaceHandler, http://www.springframework.org/schema/cache=org.springframework.cache.config.CacheNamespaceHandler, http://www.springframework.org/schema/c=org.springframework.beans.factory.xml.SimpleConstructorNamespaceHandler, http://www.springframework.org/schema/task=org.springframework.scheduling.config.TaskNamespaceHandler, http://www.springframework.org/schema/lang=org.springframework.scripting.config.LangNamespaceHandler, http://www.springframework.org/schema/context=org.springframework.context.config.ContextNamespaceHandler}
19:00:01,615  INFO XmlBeanDefinitionReader:317 - Loading XML bean definitions from class path resource [org/schlocknet/restapiexample/restexample.xml]
19:00:01,616 DEBUG DefaultDocumentLoader:73 - Using JAXP provider [com.sun.org.apache.xerces.internal.jaxp.DocumentBuilderFactoryImpl]
19:00:01,618 DEBUG PluggableSchemaResolver:119 - Found XML schema [http://www.springframework.org/schema/beans/spring-beans-4.1.xsd] in classpath: org/springframework/beans/factory/xml/spring-beans-4.1.xsd
19:00:01,632 DEBUG DefaultBeanDefinitionDocumentReader:98 - Loading bean definitions
19:00:01,635 DEBUG XmlBeanDefinitionReader:224 - Loaded 1 bean definitions from location pattern [classpath:org/schlocknet/restapiexample/restexample.xml]
19:00:01,636 DEBUG DefaultBeanDefinitionDocumentReader:231 - Imported 1 bean definitions from URL location [classpath:org/schlocknet/restapiexample/restexample.xml]
19:00:01,636 DEBUG XmlBeanDefinitionReader:224 - Loaded 5 bean definitions from location pattern [/WEB-INF/applicationContext.xml]
19:00:01,636 DEBUG XmlWebApplicationContext:540 - Bean factory for Root WebApplicationContext: org.springframework.beans.factory.support.DefaultListableBeanFactory@4bd47cf1: defining beans [org.springframework.context.annotation.internalConfigurationAnnotationProcessor,org.springframework.context.annotation.internalAutowiredAnnotationProcessor,org.springframework.context.annotation.internalRequiredAnnotationProcessor,org.springframework.context.annotation.internalCommonAnnotationProcessor,PropertyPlaceholderConfigurer]; root of factory hierarchy
19:00:01,646 DEBUG DefaultListableBeanFactory:221 - Creating shared instance of singleton bean 'org.springframework.context.annotation.internalConfigurationAnnotationProcessor'
19:00:01,646 DEBUG DefaultListableBeanFactory:450 - Creating instance of bean 'org.springframework.context.annotation.internalConfigurationAnnotationProcessor'
19:00:01,656 DEBUG DefaultListableBeanFactory:523 - Eagerly caching bean 'org.springframework.context.annotation.internalConfigurationAnnotationProcessor' to allow for resolving potential circular references
19:00:01,657 DEBUG DefaultListableBeanFactory:478 - Finished creating instance of bean 'org.springframework.context.annotation.internalConfigurationAnnotationProcessor'
19:00:01,677 DEBUG DefaultListableBeanFactory:221 - Creating shared instance of singleton bean 'PropertyPlaceholderConfigurer'
19:00:01,677 DEBUG DefaultListableBeanFactory:450 - Creating instance of bean 'PropertyPlaceholderConfigurer'
19:00:01,678 DEBUG DefaultListableBeanFactory:523 - Eagerly caching bean 'PropertyPlaceholderConfigurer' to allow for resolving potential circular references
19:00:01,697 DEBUG PropertySourcesPropertyResolver:81 - Searching for key 'FLEET' in [servletConfigInitParams]
19:00:01,697 DEBUG PropertySourcesPropertyResolver:81 - Searching for key 'FLEET' in [servletContextInitParams]
19:00:01,697 DEBUG PropertySourcesPropertyResolver:81 - Searching for key 'FLEET' in [jndiProperties]
19:00:01,698 DEBUG JndiTemplate:150 - Looking up JNDI object with name [java:comp/env/FLEET]
19:00:01,698 DEBUG JndiLocatorDelegate:101 - Converted JNDI name [java:comp/env/FLEET] not found - trying original name [FLEET]. javax.naming.NameNotFoundException; remaining name 'FLEET'
19:00:01,698 DEBUG JndiTemplate:150 - Looking up JNDI object with name [FLEET]
19:00:01,699 DEBUG JndiPropertySource:90 - JNDI lookup for name [FLEET] threw NamingException with message: null. Returning null.
19:00:01,699 DEBUG PropertySourcesPropertyResolver:81 - Searching for key 'FLEET' in [systemProperties]
19:00:01,699 DEBUG PropertySourcesPropertyResolver:90 - Found key 'FLEET' in [systemProperties] with type [String] and value 'dev'
19:00:01,700 DEBUG DefaultListableBeanFactory:478 - Finished creating instance of bean 'PropertyPlaceholderConfigurer'
19:00:01,701  INFO PropertyPlaceholderConfigurer:172 - Loading properties file from class path resource [org/schlocknet/restapiexample/config/dev/services.properties]
19:00:01,703 DEBUG DefaultListableBeanFactory:221 - Creating shared instance of singleton bean 'org.springframework.context.annotation.internalAutowiredAnnotationProcessor'
19:00:01,703 DEBUG DefaultListableBeanFactory:450 - Creating instance of bean 'org.springframework.context.annotation.internalAutowiredAnnotationProcessor'
19:00:01,703  INFO AutowiredAnnotationBeanPostProcessor:153 - JSR-330 'javax.inject.Inject' annotation found and supported for autowiring
19:00:01,704 DEBUG DefaultListableBeanFactory:523 - Eagerly caching bean 'org.springframework.context.annotation.internalAutowiredAnnotationProcessor' to allow for resolving potential circular references
19:00:01,704 DEBUG DefaultListableBeanFactory:478 - Finished creating instance of bean 'org.springframework.context.annotation.internalAutowiredAnnotationProcessor'
19:00:01,704 DEBUG DefaultListableBeanFactory:221 - Creating shared instance of singleton bean 'org.springframework.context.annotation.internalRequiredAnnotationProcessor'
19:00:01,704 DEBUG DefaultListableBeanFactory:450 - Creating instance of bean 'org.springframework.context.annotation.internalRequiredAnnotationProcessor'
19:00:01,704 DEBUG DefaultListableBeanFactory:523 - Eagerly caching bean 'org.springframework.context.annotation.internalRequiredAnnotationProcessor' to allow for resolving potential circular references
19:00:01,705 DEBUG DefaultListableBeanFactory:478 - Finished creating instance of bean 'org.springframework.context.annotation.internalRequiredAnnotationProcessor'
19:00:01,705 DEBUG DefaultListableBeanFactory:221 - Creating shared instance of singleton bean 'org.springframework.context.annotation.internalCommonAnnotationProcessor'
19:00:01,705 DEBUG DefaultListableBeanFactory:450 - Creating instance of bean 'org.springframework.context.annotation.internalCommonAnnotationProcessor'
19:00:01,706 DEBUG DefaultListableBeanFactory:523 - Eagerly caching bean 'org.springframework.context.annotation.internalCommonAnnotationProcessor' to allow for resolving potential circular references
19:00:01,706 DEBUG DefaultListableBeanFactory:478 - Finished creating instance of bean 'org.springframework.context.annotation.internalCommonAnnotationProcessor'
19:00:01,707 DEBUG DefaultListableBeanFactory:221 - Creating shared instance of singleton bean 'org.springframework.context.annotation.ConfigurationClassPostProcessor.importAwareProcessor'
19:00:01,707 DEBUG DefaultListableBeanFactory:450 - Creating instance of bean 'org.springframework.context.annotation.ConfigurationClassPostProcessor.importAwareProcessor'
19:00:01,707 DEBUG DefaultListableBeanFactory:523 - Eagerly caching bean 'org.springframework.context.annotation.ConfigurationClassPostProcessor.importAwareProcessor' to allow for resolving potential circular references
19:00:01,707 DEBUG DefaultListableBeanFactory:478 - Finished creating instance of bean 'org.springframework.context.annotation.ConfigurationClassPostProcessor.importAwareProcessor'
19:00:01,707 DEBUG DefaultListableBeanFactory:221 - Creating shared instance of singleton bean 'org.springframework.context.annotation.ConfigurationClassPostProcessor.enhancedConfigurationProcessor'
19:00:01,707 DEBUG DefaultListableBeanFactory:450 - Creating instance of bean 'org.springframework.context.annotation.ConfigurationClassPostProcessor.enhancedConfigurationProcessor'
19:00:01,707 DEBUG DefaultListableBeanFactory:523 - Eagerly caching bean 'org.springframework.context.annotation.ConfigurationClassPostProcessor.enhancedConfigurationProcessor' to allow for resolving potential circular references
19:00:01,708 DEBUG DefaultListableBeanFactory:478 - Finished creating instance of bean 'org.springframework.context.annotation.ConfigurationClassPostProcessor.enhancedConfigurationProcessor'
19:00:01,709 DEBUG XmlWebApplicationContext:646 - Unable to locate MessageSource with name 'messageSource': using default [org.springframework.context.support.DelegatingMessageSource@71793268]
19:00:01,710 DEBUG XmlWebApplicationContext:670 - Unable to locate ApplicationEventMulticaster with name 'applicationEventMulticaster': using default [org.springframework.context.event.SimpleApplicationEventMulticaster@8182f3d]
19:00:01,711 DEBUG UiApplicationContextUtils:85 - Unable to locate ThemeSource with name 'themeSource': using default [org.springframework.ui.context.support.ResourceBundleThemeSource@8737577]
19:00:01,712 DEBUG DefaultListableBeanFactory:731 - Pre-instantiating singletons in org.springframework.beans.factory.support.DefaultListableBeanFactory@4bd47cf1: defining beans [org.springframework.context.annotation.internalConfigurationAnnotationProcessor,org.springframework.context.annotation.internalAutowiredAnnotationProcessor,org.springframework.context.annotation.internalRequiredAnnotationProcessor,org.springframework.context.annotation.internalCommonAnnotationProcessor,PropertyPlaceholderConfigurer,org.springframework.context.annotation.ConfigurationClassPostProcessor.importAwareProcessor,org.springframework.context.annotation.ConfigurationClassPostProcessor.enhancedConfigurationProcessor]; root of factory hierarchy
19:00:01,712 DEBUG DefaultListableBeanFactory:247 - Returning cached instance of singleton bean 'org.springframework.context.annotation.internalConfigurationAnnotationProcessor'
19:00:01,712 DEBUG DefaultListableBeanFactory:247 - Returning cached instance of singleton bean 'org.springframework.context.annotation.internalAutowiredAnnotationProcessor'
19:00:01,712 DEBUG DefaultListableBeanFactory:247 - Returning cached instance of singleton bean 'org.springframework.context.annotation.internalRequiredAnnotationProcessor'
19:00:01,712 DEBUG DefaultListableBeanFactory:247 - Returning cached instance of singleton bean 'org.springframework.context.annotation.internalCommonAnnotationProcessor'
19:00:01,712 DEBUG DefaultListableBeanFactory:247 - Returning cached instance of singleton bean 'PropertyPlaceholderConfigurer'
19:00:01,712 DEBUG DefaultListableBeanFactory:247 - Returning cached instance of singleton bean 'org.springframework.context.annotation.ConfigurationClassPostProcessor.importAwareProcessor'
19:00:01,713 DEBUG DefaultListableBeanFactory:247 - Returning cached instance of singleton bean 'org.springframework.context.annotation.ConfigurationClassPostProcessor.enhancedConfigurationProcessor'
19:00:01,713 DEBUG XmlWebApplicationContext:697 - Unable to locate LifecycleProcessor with name 'lifecycleProcessor': using default [org.springframework.context.support.DefaultLifecycleProcessor@1a352828]
19:00:01,714 DEBUG DefaultListableBeanFactory:247 - Returning cached instance of singleton bean 'lifecycleProcessor'
19:00:01,715 DEBUG PropertySourcesPropertyResolver:81 - Searching for key 'spring.liveBeansView.mbeanDomain' in [servletConfigInitParams]
19:00:01,715 DEBUG PropertySourcesPropertyResolver:81 - Searching for key 'spring.liveBeansView.mbeanDomain' in [servletContextInitParams]
19:00:01,715 DEBUG PropertySourcesPropertyResolver:81 - Searching for key 'spring.liveBeansView.mbeanDomain' in [jndiProperties]
19:00:01,715 DEBUG JndiTemplate:150 - Looking up JNDI object with name [java:comp/env/spring.liveBeansView.mbeanDomain]
19:00:01,716 DEBUG JndiLocatorDelegate:101 - Converted JNDI name [java:comp/env/spring.liveBeansView.mbeanDomain] not found - trying original name [spring.liveBeansView.mbeanDomain]. javax.naming.NameNotFoundException; remaining name 'spring.liveBeansView.mbeanDomain'
19:00:01,716 DEBUG JndiTemplate:150 - Looking up JNDI object with name [spring.liveBeansView.mbeanDomain]
19:00:01,716 DEBUG JndiPropertySource:90 - JNDI lookup for name [spring.liveBeansView.mbeanDomain] threw NamingException with message: null. Returning null.
19:00:01,716 DEBUG PropertySourcesPropertyResolver:81 - Searching for key 'spring.liveBeansView.mbeanDomain' in [systemProperties]
19:00:01,716 DEBUG PropertySourcesPropertyResolver:81 - Searching for key 'spring.liveBeansView.mbeanDomain' in [systemEnvironment]
19:00:01,716 DEBUG PropertySourcesPropertyResolver:103 - Could not find key 'spring.liveBeansView.mbeanDomain' in any property source. Returning [null]
19:00:01,717 DEBUG ContextLoader:320 - Published root WebApplicationContext as ServletContext attribute with name [org.springframework.web.context.WebApplicationContext.ROOT]
19:00:01,717  INFO ContextLoader:325 - Root WebApplicationContext: initialization completed in 246 ms
19:00:01,775 DEBUG DispatcherServlet:118 - Initializing servlet 'RPCServices'
19:00:01,776 DEBUG StandardServletEnvironment:109 - Adding [servletConfigInitParams] PropertySource with lowest search precedence
19:00:01,777 DEBUG StandardServletEnvironment:109 - Adding [servletContextInitParams] PropertySource with lowest search precedence
19:00:01,777 DEBUG StandardServletEnvironment:109 - Adding [jndiProperties] PropertySource with lowest search precedence
19:00:01,777 DEBUG StandardServletEnvironment:109 - Adding [systemProperties] PropertySource with lowest search precedence
19:00:01,777 DEBUG StandardServletEnvironment:109 - Adding [systemEnvironment] PropertySource with lowest search precedence
19:00:01,777 DEBUG StandardServletEnvironment:126 - Initialized StandardServletEnvironment with PropertySources [servletConfigInitParams,servletContextInitParams,jndiProperties,systemProperties,systemEnvironment]
19:00:01,787  INFO DispatcherServlet:484 - FrameworkServlet 'RPCServices': initialization started
19:00:01,787 DEBUG DispatcherServlet:612 - Servlet with name 'RPCServices' will try to create custom WebApplicationContext context of class 'org.springframework.web.context.support.XmlWebApplicationContext', using parent context [Root WebApplicationContext: startup date [Tue Dec 23 19:00:01 EST 2014]; root of context hierarchy]
19:00:01,787 DEBUG PropertySourcesPropertyResolver:81 - Searching for key 'spring.profiles.active' in [servletConfigInitParams]
19:00:01,788 DEBUG PropertySourcesPropertyResolver:81 - Searching for key 'spring.profiles.active' in [servletContextInitParams]
19:00:01,788 DEBUG PropertySourcesPropertyResolver:81 - Searching for key 'spring.profiles.active' in [jndiProperties]
19:00:01,788 DEBUG JndiTemplate:150 - Looking up JNDI object with name [java:comp/env/spring.profiles.active]
19:00:01,788 DEBUG JndiLocatorDelegate:101 - Converted JNDI name [java:comp/env/spring.profiles.active] not found - trying original name [spring.profiles.active]. javax.naming.NameNotFoundException; remaining name 'spring.profiles.active'
19:00:01,788 DEBUG JndiTemplate:150 - Looking up JNDI object with name [spring.profiles.active]
19:00:01,788 DEBUG JndiPropertySource:90 - JNDI lookup for name [spring.profiles.active] threw NamingException with message: null. Returning null.
19:00:01,789 DEBUG PropertySourcesPropertyResolver:81 - Searching for key 'spring.profiles.active' in [systemProperties]
19:00:01,789 DEBUG PropertySourcesPropertyResolver:81 - Searching for key 'spring.profiles.active' in [systemEnvironment]
19:00:01,789 DEBUG PropertySourcesPropertyResolver:103 - Could not find key 'spring.profiles.active' in any property source. Returning [null]
19:00:01,789 DEBUG PropertySourcesPropertyResolver:81 - Searching for key 'spring.profiles.default' in [servletConfigInitParams]
19:00:01,789 DEBUG PropertySourcesPropertyResolver:81 - Searching for key 'spring.profiles.default' in [servletContextInitParams]
19:00:01,790 DEBUG PropertySourcesPropertyResolver:81 - Searching for key 'spring.profiles.default' in [jndiProperties]
19:00:01,790 DEBUG JndiTemplate:150 - Looking up JNDI object with name [java:comp/env/spring.profiles.default]
19:00:01,790 DEBUG JndiLocatorDelegate:101 - Converted JNDI name [java:comp/env/spring.profiles.default] not found - trying original name [spring.profiles.default]. javax.naming.NameNotFoundException; remaining name 'spring.profiles.default'
19:00:01,790 DEBUG JndiTemplate:150 - Looking up JNDI object with name [spring.profiles.default]
19:00:01,791 DEBUG JndiPropertySource:90 - JNDI lookup for name [spring.profiles.default] threw NamingException with message: null. Returning null.
19:00:01,791 DEBUG PropertySourcesPropertyResolver:81 - Searching for key 'spring.profiles.default' in [systemProperties]
19:00:01,791 DEBUG PropertySourcesPropertyResolver:81 - Searching for key 'spring.profiles.default' in [systemEnvironment]
19:00:01,791 DEBUG PropertySourcesPropertyResolver:103 - Could not find key 'spring.profiles.default' in any property source. Returning [null]
19:00:01,791 DEBUG PropertySourcesPropertyResolver:81 - Searching for key 'spring.profiles.default' in [servletConfigInitParams]
19:00:01,791 DEBUG PropertySourcesPropertyResolver:81 - Searching for key 'spring.profiles.default' in [servletContextInitParams]
19:00:01,791 DEBUG PropertySourcesPropertyResolver:81 - Searching for key 'spring.profiles.default' in [jndiProperties]
19:00:01,792 DEBUG JndiTemplate:150 - Looking up JNDI object with name [java:comp/env/spring.profiles.default]
19:00:01,792 DEBUG JndiLocatorDelegate:101 - Converted JNDI name [java:comp/env/spring.profiles.default] not found - trying original name [spring.profiles.default]. javax.naming.NameNotFoundException; remaining name 'spring.profiles.default'
19:00:01,792 DEBUG JndiTemplate:150 - Looking up JNDI object with name [spring.profiles.default]
19:00:01,792 DEBUG JndiPropertySource:90 - JNDI lookup for name [spring.profiles.default] threw NamingException with message: null. Returning null.
19:00:01,793 DEBUG PropertySourcesPropertyResolver:81 - Searching for key 'spring.profiles.default' in [systemProperties]
19:00:01,793 DEBUG PropertySourcesPropertyResolver:81 - Searching for key 'spring.profiles.default' in [systemEnvironment]
19:00:01,793 DEBUG PropertySourcesPropertyResolver:103 - Could not find key 'spring.profiles.default' in any property source. Returning [null]
19:00:01,794 DEBUG StandardServletEnvironment:174 - Replacing [servletContextInitParams] PropertySource with [servletContextInitParams]
19:00:01,794 DEBUG StandardServletEnvironment:174 - Replacing [servletConfigInitParams] PropertySource with [servletConfigInitParams]
19:00:01,794  INFO XmlWebApplicationContext:510 - Refreshing WebApplicationContext for namespace 'RPCServices': startup date [Tue Dec 23 19:00:01 EST 2014]; parent: Root WebApplicationContext
19:00:01,795 DEBUG StandardEnvironment:109 - Adding [systemProperties] PropertySource with lowest search precedence
19:00:01,796 DEBUG StandardEnvironment:109 - Adding [systemEnvironment] PropertySource with lowest search precedence
19:00:01,796 DEBUG StandardEnvironment:126 - Initialized StandardEnvironment with PropertySources [systemProperties,systemEnvironment]
19:00:01,796  INFO XmlBeanDefinitionReader:317 - Loading XML bean definitions from ServletContext resource [/WEB-INF/RPCServices.xml]
19:00:01,797 DEBUG DefaultDocumentLoader:73 - Using JAXP provider [com.sun.org.apache.xerces.internal.jaxp.DocumentBuilderFactoryImpl]
19:00:01,798 DEBUG PluggableSchemaResolver:141 - Loading schema mappings from [META-INF/spring.schemas]
19:00:01,799 DEBUG PluggableSchemaResolver:147 - Loaded schema mappings: {http://www.springframework.org/schema/aop/spring-aop-4.1.xsd=org/springframework/aop/config/spring-aop-4.1.xsd, http://www.springframework.org/schema/context/spring-context-3.1.xsd=org/springframework/context/config/spring-context-3.1.xsd, http://www.springframework.org/schema/util/spring-util-3.0.xsd=org/springframework/beans/factory/xml/spring-util-3.0.xsd, http://www.springframework.org/schema/mvc/spring-mvc-4.1.xsd=org/springframework/web/servlet/config/spring-mvc-4.1.xsd, http://www.springframework.org/schema/tool/spring-tool.xsd=org/springframework/beans/factory/xml/spring-tool-4.1.xsd, http://www.springframework.org/schema/aop/spring-aop-3.2.xsd=org/springframework/aop/config/spring-aop-3.2.xsd, http://www.springframework.org/schema/lang/spring-lang-4.1.xsd=org/springframework/scripting/config/spring-lang-4.1.xsd, http://www.springframework.org/schema/context/spring-context-4.0.xsd=org/springframework/context/config/spring-context-4.0.xsd, http://www.springframework.org/schema/mvc/spring-mvc-3.2.xsd=org/springframework/web/servlet/config/spring-mvc-3.2.xsd, http://www.springframework.org/schema/tool/spring-tool-4.1.xsd=org/springframework/beans/factory/xml/spring-tool-4.1.xsd, http://www.springframework.org/schema/lang/spring-lang-3.2.xsd=org/springframework/scripting/config/spring-lang-3.2.xsd, http://www.springframework.org/schema/cache/spring-cache-3.2.xsd=org/springframework/cache/config/spring-cache-3.2.xsd, http://www.springframework.org/schema/jee/spring-jee-4.1.xsd=org/springframework/ejb/config/spring-jee-4.1.xsd, http://www.springframework.org/schema/util/spring-util-2.0.xsd=org/springframework/beans/factory/xml/spring-util-2.0.xsd, http://www.springframework.org/schema/tool/spring-tool-3.2.xsd=org/springframework/beans/factory/xml/spring-tool-3.2.xsd, http://www.springframework.org/schema/context/spring-context.xsd=org/springframework/context/config/spring-context-4.1.xsd, http://www.springframework.org/schema/cache/spring-cache-4.1.xsd=org/springframework/cache/config/spring-cache-4.1.xsd, http://www.springframework.org/schema/aop/spring-aop-4.0.xsd=org/springframework/aop/config/spring-aop-4.0.xsd, http://www.springframework.org/schema/jee/spring-jee-3.2.xsd=org/springframework/ejb/config/spring-jee-3.2.xsd, http://www.springframework.org/schema/context/spring-context-3.0.xsd=org/springframework/context/config/spring-context-3.0.xsd, http://www.springframework.org/schema/util/spring-util-2.5.xsd=org/springframework/beans/factory/xml/spring-util-2.5.xsd, http://www.springframework.org/schema/mvc/spring-mvc-4.0.xsd=org/springframework/web/servlet/config/spring-mvc-4.0.xsd, http://www.springframework.org/schema/beans/spring-beans-3.2.xsd=org/springframework/beans/factory/xml/spring-beans-3.2.xsd, http://www.springframework.org/schema/aop/spring-aop-3.1.xsd=org/springframework/aop/config/spring-aop-3.1.xsd, http://www.springframework.org/schema/lang/spring-lang-4.0.xsd=org/springframework/scripting/config/spring-lang-4.0.xsd, http://www.springframework.org/schema/mvc/spring-mvc.xsd=org/springframework/web/servlet/config/spring-mvc-4.1.xsd, http://www.springframework.org/schema/mvc/spring-mvc-3.1.xsd=org/springframework/web/servlet/config/spring-mvc-3.1.xsd, http://www.springframework.org/schema/beans/spring-beans-4.1.xsd=org/springframework/beans/factory/xml/spring-beans-4.1.xsd, http://www.springframework.org/schema/tool/spring-tool-4.0.xsd=org/springframework/beans/factory/xml/spring-tool-4.0.xsd, http://www.springframework.org/schema/lang/spring-lang-3.1.xsd=org/springframework/scripting/config/spring-lang-3.1.xsd, http://www.springframework.org/schema/cache/spring-cache-3.1.xsd=org/springframework/cache/config/spring-cache-3.1.xsd, http://www.springframework.org/schema/jee/spring-jee-4.0.xsd=org/springframework/ejb/config/spring-jee-4.0.xsd, http://www.springframework.org/schema/task/spring-task-4.1.xsd=org/springframework/scheduling/config/spring-task-4.1.xsd, http://www.springframework.org/schema/tool/spring-tool-3.1.xsd=org/springframework/beans/factory/xml/spring-tool-3.1.xsd, http://www.springframework.org/schema/cache/spring-cache-4.0.xsd=org/springframework/cache/config/spring-cache-4.0.xsd, http://www.springframework.org/schema/jee/spring-jee-3.1.xsd=org/springframework/ejb/config/spring-jee-3.1.xsd, http://www.springframework.org/schema/task/spring-task-3.2.xsd=org/springframework/scheduling/config/spring-task-3.2.xsd, http://www.springframework.org/schema/beans/spring-beans-3.1.xsd=org/springframework/beans/factory/xml/spring-beans-3.1.xsd, http://www.springframework.org/schema/util/spring-util.xsd=org/springframework/beans/factory/xml/spring-util-4.1.xsd, http://www.springframework.org/schema/aop/spring-aop-3.0.xsd=org/springframework/aop/config/spring-aop-3.0.xsd, http://www.springframework.org/schema/mvc/spring-mvc-3.0.xsd=org/springframework/web/servlet/config/spring-mvc-3.0.xsd, http://www.springframework.org/schema/beans/spring-beans-4.0.xsd=org/springframework/beans/factory/xml/spring-beans-4.0.xsd, http://www.springframework.org/schema/beans/spring-beans.xsd=org/springframework/beans/factory/xml/spring-beans-4.1.xsd, http://www.springframework.org/schema/lang/spring-lang-3.0.xsd=org/springframework/scripting/config/spring-lang-3.0.xsd, http://www.springframework.org/schema/context/spring-context-2.5.xsd=org/springframework/context/config/spring-context-2.5.xsd, http://www.springframework.org/schema/task/spring-task-4.0.xsd=org/springframework/scheduling/config/spring-task-4.0.xsd, http://www.springframework.org/schema/tool/spring-tool-3.0.xsd=org/springframework/beans/factory/xml/spring-tool-3.0.xsd, http://www.springframework.org/schema/aop/spring-aop-2.0.xsd=org/springframework/aop/config/spring-aop-2.0.xsd, http://www.springframework.org/schema/jee/spring-jee-3.0.xsd=org/springframework/ejb/config/spring-jee-3.0.xsd, http://www.springframework.org/schema/util/spring-util-4.1.xsd=org/springframework/beans/factory/xml/spring-util-4.1.xsd, http://www.springframework.org/schema/task/spring-task-3.1.xsd=org/springframework/scheduling/config/spring-task-3.1.xsd, http://www.springframework.org/schema/beans/spring-beans-3.0.xsd=org/springframework/beans/factory/xml/spring-beans-3.0.xsd, http://www.springframework.org/schema/jee/spring-jee.xsd=org/springframework/ejb/config/spring-jee-4.1.xsd, http://www.springframework.org/schema/aop/spring-aop-2.5.xsd=org/springframework/aop/config/spring-aop-2.5.xsd, http://www.springframework.org/schema/lang/spring-lang-2.0.xsd=org/springframework/scripting/config/spring-lang-2.0.xsd, http://www.springframework.org/schema/util/spring-util-3.2.xsd=org/springframework/beans/factory/xml/spring-util-3.2.xsd, http://www.springframework.org/schema/task/spring-task.xsd=org/springframework/scheduling/config/spring-task-4.1.xsd, http://www.springframework.org/schema/tool/spring-tool-2.0.xsd=org/springframework/beans/factory/xml/spring-tool-2.0.xsd, http://www.springframework.org/schema/lang/spring-lang-2.5.xsd=org/springframework/scripting/config/spring-lang-2.5.xsd, http://www.springframework.org/schema/jee/spring-jee-2.0.xsd=org/springframework/ejb/config/spring-jee-2.0.xsd, http://www.springframework.org/schema/tool/spring-tool-2.5.xsd=org/springframework/beans/factory/xml/spring-tool-2.5.xsd, http://www.springframework.org/schema/jee/spring-jee-2.5.xsd=org/springframework/ejb/config/spring-jee-2.5.xsd, http://www.springframework.org/schema/util/spring-util-4.0.xsd=org/springframework/beans/factory/xml/spring-util-4.0.xsd, http://www.springframework.org/schema/task/spring-task-3.0.xsd=org/springframework/scheduling/config/spring-task-3.0.xsd, http://www.springframework.org/schema/lang/spring-lang.xsd=org/springframework/scripting/config/spring-lang-4.1.xsd, http://www.springframework.org/schema/context/spring-context-3.2.xsd=org/springframework/context/config/spring-context-3.2.xsd, http://www.springframework.org/schema/util/spring-util-3.1.xsd=org/springframework/beans/factory/xml/spring-util-3.1.xsd, http://www.springframework.org/schema/beans/spring-beans-2.0.xsd=org/springframework/beans/factory/xml/spring-beans-2.0.xsd, http://www.springframework.org/schema/cache/spring-cache.xsd=org/springframework/cache/config/spring-cache-4.1.xsd, http://www.springframework.org/schema/context/spring-context-4.1.xsd=org/springframework/context/config/spring-context-4.1.xsd, http://www.springframework.org/schema/beans/spring-beans-2.5.xsd=org/springframework/beans/factory/xml/spring-beans-2.5.xsd, http://www.springframework.org/schema/aop/spring-aop.xsd=org/springframework/aop/config/spring-aop-4.1.xsd}
19:00:01,800 DEBUG PluggableSchemaResolver:119 - Found XML schema [http://www.springframework.org/schema/beans/spring-beans-3.1.xsd] in classpath: org/springframework/beans/factory/xml/spring-beans-3.1.xsd
19:00:01,814 DEBUG PluggableSchemaResolver:119 - Found XML schema [http://www.springframework.org/schema/context/spring-context-3.1.xsd] in classpath: org/springframework/context/config/spring-context-3.1.xsd
19:00:01,817 DEBUG PluggableSchemaResolver:119 - Found XML schema [http://www.springframework.org/schema/tool/spring-tool-3.1.xsd] in classpath: org/springframework/beans/factory/xml/spring-tool-3.1.xsd
19:00:01,823 DEBUG PluggableSchemaResolver:119 - Found XML schema [http://www.springframework.org/schema/mvc/spring-mvc-3.1.xsd] in classpath: org/springframework/web/servlet/config/spring-mvc-3.1.xsd
19:00:01,828 DEBUG DefaultBeanDefinitionDocumentReader:98 - Loading bean definitions
19:00:01,829 DEBUG DefaultNamespaceHandlerResolver:157 - Loaded NamespaceHandler mappings: {http://www.springframework.org/schema/p=org.springframework.beans.factory.xml.SimplePropertyNamespaceHandler, http://www.springframework.org/schema/mvc=org.springframework.web.servlet.config.MvcNamespaceHandler, http://www.springframework.org/schema/util=org.springframework.beans.factory.xml.UtilNamespaceHandler, http://www.springframework.org/schema/jee=org.springframework.ejb.config.JeeNamespaceHandler, http://www.springframework.org/schema/aop=org.springframework.aop.config.AopNamespaceHandler, http://www.springframework.org/schema/cache=org.springframework.cache.config.CacheNamespaceHandler, http://www.springframework.org/schema/c=org.springframework.beans.factory.xml.SimpleConstructorNamespaceHandler, http://www.springframework.org/schema/task=org.springframework.scheduling.config.TaskNamespaceHandler, http://www.springframework.org/schema/lang=org.springframework.scripting.config.LangNamespaceHandler, http://www.springframework.org/schema/context=org.springframework.context.config.ContextNamespaceHandler}
19:00:01,846 DEBUG BeanDefinitionParserDelegate:495 - Neither XML 'id' nor 'name' specified - using generated bean name [org.springframework.web.servlet.mvc.annotation.AnnotationMethodHandlerAdapter#0]
19:00:01,849 DEBUG StandardEnvironment:109 - Adding [systemProperties] PropertySource with lowest search precedence
19:00:01,849 DEBUG StandardEnvironment:109 - Adding [systemEnvironment] PropertySource with lowest search precedence
19:00:01,849 DEBUG StandardEnvironment:126 - Initialized StandardEnvironment with PropertySources [systemProperties,systemEnvironment]
19:00:01,851 DEBUG ClassPathBeanDefinitionScanner:244 - JSR-250 'javax.annotation.ManagedBean' found and supported for component scanning
19:00:01,852 DEBUG ClassPathBeanDefinitionScanner:252 - JSR-330 'javax.inject.Named' annotation found and supported for component scanning
19:00:01,854 DEBUG PathMatchingResourcePatternResolver:423 - Resolved location pattern [classpath*:schlocknet/org/**/*.class] to resources []
19:00:01,854 DEBUG XmlBeanDefinitionReader:224 - Loaded 17 bean definitions from location pattern [/WEB-INF/RPCServices.xml]
19:00:01,854 DEBUG XmlWebApplicationContext:540 - Bean factory for WebApplicationContext for namespace 'RPCServices': org.springframework.beans.factory.support.DefaultListableBeanFactory@7593d2a6: defining beans [org.springframework.context.annotation.internalConfigurationAnnotationProcessor,org.springframework.context.annotation.internalAutowiredAnnotationProcessor,org.springframework.context.annotation.internalRequiredAnnotationProcessor,org.springframework.context.annotation.internalCommonAnnotationProcessor,mvcContentNegotiationManager,org.springframework.web.servlet.mvc.method.annotation.RequestMappingHandlerMapping#0,org.springframework.format.support.FormattingConversionServiceFactoryBean#0,org.springframework.web.servlet.mvc.method.annotation.RequestMappingHandlerAdapter#0,mvcUriComponentsContributor,org.springframework.web.servlet.handler.MappedInterceptor#0,org.springframework.web.servlet.mvc.method.annotation.ExceptionHandlerExceptionResolver#0,org.springframework.web.servlet.mvc.annotation.ResponseStatusExceptionResolver#0,org.springframework.web.servlet.mvc.support.DefaultHandlerExceptionResolver#0,org.springframework.web.servlet.handler.BeanNameUrlHandlerMapping,org.springframework.web.servlet.mvc.HttpRequestHandlerAdapter,org.springframework.web.servlet.mvc.SimpleControllerHandlerAdapter,org.springframework.web.servlet.mvc.annotation.AnnotationMethodHandlerAdapter#0]; parent: org.springframework.beans.factory.support.DefaultListableBeanFactory@4bd47cf1
19:00:01,856 DEBUG DefaultListableBeanFactory:221 - Creating shared instance of singleton bean 'org.springframework.context.annotation.internalConfigurationAnnotationProcessor'
19:00:01,856 DEBUG DefaultListableBeanFactory:450 - Creating instance of bean 'org.springframework.context.annotation.internalConfigurationAnnotationProcessor'
19:00:01,856 DEBUG DefaultListableBeanFactory:523 - Eagerly caching bean 'org.springframework.context.annotation.internalConfigurationAnnotationProcessor' to allow for resolving potential circular references
19:00:01,856 DEBUG DefaultListableBeanFactory:478 - Finished creating instance of bean 'org.springframework.context.annotation.internalConfigurationAnnotationProcessor'
19:00:01,874 DEBUG DefaultListableBeanFactory:221 - Creating shared instance of singleton bean 'org.springframework.context.annotation.internalAutowiredAnnotationProcessor'
19:00:01,874 DEBUG DefaultListableBeanFactory:450 - Creating instance of bean 'org.springframework.context.annotation.internalAutowiredAnnotationProcessor'
19:00:01,874  INFO AutowiredAnnotationBeanPostProcessor:153 - JSR-330 'javax.inject.Inject' annotation found and supported for autowiring
19:00:01,874 DEBUG DefaultListableBeanFactory:523 - Eagerly caching bean 'org.springframework.context.annotation.internalAutowiredAnnotationProcessor' to allow for resolving potential circular references
19:00:01,874 DEBUG DefaultListableBeanFactory:478 - Finished creating instance of bean 'org.springframework.context.annotation.internalAutowiredAnnotationProcessor'
19:00:01,875 DEBUG DefaultListableBeanFactory:221 - Creating shared instance of singleton bean 'org.springframework.context.annotation.internalRequiredAnnotationProcessor'
19:00:01,875 DEBUG DefaultListableBeanFactory:450 - Creating instance of bean 'org.springframework.context.annotation.internalRequiredAnnotationProcessor'
19:00:01,875 DEBUG DefaultListableBeanFactory:523 - Eagerly caching bean 'org.springframework.context.annotation.internalRequiredAnnotationProcessor' to allow for resolving potential circular references
19:00:01,875 DEBUG DefaultListableBeanFactory:478 - Finished creating instance of bean 'org.springframework.context.annotation.internalRequiredAnnotationProcessor'
19:00:01,875 DEBUG DefaultListableBeanFactory:221 - Creating shared instance of singleton bean 'org.springframework.context.annotation.internalCommonAnnotationProcessor'
19:00:01,875 DEBUG DefaultListableBeanFactory:450 - Creating instance of bean 'org.springframework.context.annotation.internalCommonAnnotationProcessor'
19:00:01,875 DEBUG DefaultListableBeanFactory:523 - Eagerly caching bean 'org.springframework.context.annotation.internalCommonAnnotationProcessor' to allow for resolving potential circular references
19:00:01,876 DEBUG DefaultListableBeanFactory:478 - Finished creating instance of bean 'org.springframework.context.annotation.internalCommonAnnotationProcessor'
19:00:01,876 DEBUG DefaultListableBeanFactory:221 - Creating shared instance of singleton bean 'org.springframework.context.annotation.ConfigurationClassPostProcessor.importAwareProcessor'
19:00:01,876 DEBUG DefaultListableBeanFactory:450 - Creating instance of bean 'org.springframework.context.annotation.ConfigurationClassPostProcessor.importAwareProcessor'
19:00:01,876 DEBUG DefaultListableBeanFactory:523 - Eagerly caching bean 'org.springframework.context.annotation.ConfigurationClassPostProcessor.importAwareProcessor' to allow for resolving potential circular references
19:00:01,876 DEBUG DefaultListableBeanFactory:478 - Finished creating instance of bean 'org.springframework.context.annotation.ConfigurationClassPostProcessor.importAwareProcessor'
19:00:01,876 DEBUG DefaultListableBeanFactory:221 - Creating shared instance of singleton bean 'org.springframework.context.annotation.ConfigurationClassPostProcessor.enhancedConfigurationProcessor'
19:00:01,876 DEBUG DefaultListableBeanFactory:450 - Creating instance of bean 'org.springframework.context.annotation.ConfigurationClassPostProcessor.enhancedConfigurationProcessor'
19:00:01,876 DEBUG DefaultListableBeanFactory:523 - Eagerly caching bean 'org.springframework.context.annotation.ConfigurationClassPostProcessor.enhancedConfigurationProcessor' to allow for resolving potential circular references
19:00:01,877 DEBUG DefaultListableBeanFactory:478 - Finished creating instance of bean 'org.springframework.context.annotation.ConfigurationClassPostProcessor.enhancedConfigurationProcessor'
19:00:01,877 DEBUG XmlWebApplicationContext:646 - Unable to locate MessageSource with name 'messageSource': using default [org.springframework.context.support.DelegatingMessageSource@32d94550]
19:00:01,877 DEBUG XmlWebApplicationContext:670 - Unable to locate ApplicationEventMulticaster with name 'applicationEventMulticaster': using default [org.springframework.context.event.SimpleApplicationEventMulticaster@5655a144]
19:00:01,877 DEBUG UiApplicationContextUtils:85 - Unable to locate ThemeSource with name 'themeSource': using default [org.springframework.ui.context.support.DelegatingThemeSource@29c686c2]
19:00:01,879 DEBUG DefaultListableBeanFactory:731 - Pre-instantiating singletons in org.springframework.beans.factory.support.DefaultListableBeanFactory@7593d2a6: defining beans [org.springframework.context.annotation.internalConfigurationAnnotationProcessor,org.springframework.context.annotation.internalAutowiredAnnotationProcessor,org.springframework.context.annotation.internalRequiredAnnotationProcessor,org.springframework.context.annotation.internalCommonAnnotationProcessor,mvcContentNegotiationManager,org.springframework.web.servlet.mvc.method.annotation.RequestMappingHandlerMapping#0,org.springframework.format.support.FormattingConversionServiceFactoryBean#0,org.springframework.web.servlet.mvc.method.annotation.RequestMappingHandlerAdapter#0,mvcUriComponentsContributor,org.springframework.web.servlet.handler.MappedInterceptor#0,org.springframework.web.servlet.mvc.method.annotation.ExceptionHandlerExceptionResolver#0,org.springframework.web.servlet.mvc.annotation.ResponseStatusExceptionResolver#0,org.springframework.web.servlet.mvc.support.DefaultHandlerExceptionResolver#0,org.springframework.web.servlet.handler.BeanNameUrlHandlerMapping,org.springframework.web.servlet.mvc.HttpRequestHandlerAdapter,org.springframework.web.servlet.mvc.SimpleControllerHandlerAdapter,org.springframework.web.servlet.mvc.annotation.AnnotationMethodHandlerAdapter#0,org.springframework.context.annotation.ConfigurationClassPostProcessor.importAwareProcessor,org.springframework.context.annotation.ConfigurationClassPostProcessor.enhancedConfigurationProcessor]; parent: org.springframework.beans.factory.support.DefaultListableBeanFactory@4bd47cf1
19:00:01,879 DEBUG DefaultListableBeanFactory:247 - Returning cached instance of singleton bean 'org.springframework.context.annotation.internalConfigurationAnnotationProcessor'
19:00:01,879 DEBUG DefaultListableBeanFactory:247 - Returning cached instance of singleton bean 'org.springframework.context.annotation.internalAutowiredAnnotationProcessor'
19:00:01,879 DEBUG DefaultListableBeanFactory:247 - Returning cached instance of singleton bean 'org.springframework.context.annotation.internalRequiredAnnotationProcessor'
19:00:01,880 DEBUG DefaultListableBeanFactory:247 - Returning cached instance of singleton bean 'org.springframework.context.annotation.internalCommonAnnotationProcessor'
19:00:01,880 DEBUG DefaultListableBeanFactory:221 - Creating shared instance of singleton bean 'mvcContentNegotiationManager'
19:00:01,880 DEBUG DefaultListableBeanFactory:450 - Creating instance of bean 'mvcContentNegotiationManager'
19:00:01,882 DEBUG DefaultListableBeanFactory:523 - Eagerly caching bean 'mvcContentNegotiationManager' to allow for resolving potential circular references
19:00:01,890 DEBUG DefaultListableBeanFactory:1608 - Invoking afterPropertiesSet() on bean with name 'mvcContentNegotiationManager'
19:00:01,892 DEBUG DefaultListableBeanFactory:478 - Finished creating instance of bean 'mvcContentNegotiationManager'
19:00:01,892 DEBUG DefaultListableBeanFactory:221 - Creating shared instance of singleton bean 'org.springframework.web.servlet.mvc.method.annotation.RequestMappingHandlerMapping#0'
19:00:01,892 DEBUG DefaultListableBeanFactory:450 - Creating instance of bean 'org.springframework.web.servlet.mvc.method.annotation.RequestMappingHandlerMapping#0'
19:00:01,896 DEBUG DefaultListableBeanFactory:523 - Eagerly caching bean 'org.springframework.web.servlet.mvc.method.annotation.RequestMappingHandlerMapping#0' to allow for resolving potential circular references
19:00:01,907 DEBUG DefaultListableBeanFactory:247 - Returning cached instance of singleton bean 'mvcContentNegotiationManager'
19:00:01,908 DEBUG DefaultListableBeanFactory:221 - Creating shared instance of singleton bean 'org.springframework.web.servlet.handler.MappedInterceptor#0'
19:00:01,908 DEBUG DefaultListableBeanFactory:450 - Creating instance of bean 'org.springframework.web.servlet.handler.MappedInterceptor#0'
19:00:01,910 DEBUG DefaultListableBeanFactory:450 - Creating instance of bean '(inner bean)#6beddcba'
19:00:01,911 DEBUG DefaultListableBeanFactory:221 - Creating shared instance of singleton bean 'org.springframework.format.support.FormattingConversionServiceFactoryBean#0'
19:00:01,911 DEBUG DefaultListableBeanFactory:450 - Creating instance of bean 'org.springframework.format.support.FormattingConversionServiceFactoryBean#0'
19:00:01,912 DEBUG DefaultListableBeanFactory:523 - Eagerly caching bean 'org.springframework.format.support.FormattingConversionServiceFactoryBean#0' to allow for resolving potential circular references
19:00:01,914 DEBUG DefaultListableBeanFactory:1608 - Invoking afterPropertiesSet() on bean with name 'org.springframework.format.support.FormattingConversionServiceFactoryBean#0'
19:00:01,921 DEBUG DefaultListableBeanFactory:478 - Finished creating instance of bean 'org.springframework.format.support.FormattingConversionServiceFactoryBean#0'
19:00:01,926 DEBUG DefaultListableBeanFactory:478 - Finished creating instance of bean '(inner bean)#6beddcba'
19:00:01,931 DEBUG BeanUtils:455 - No property editor [org.springframework.web.context.request.WebRequestInterceptorEditor] found for type org.springframework.web.context.request.WebRequestInterceptor according to 'Editor' suffix convention
19:00:01,932 DEBUG DefaultListableBeanFactory:523 - Eagerly caching bean 'org.springframework.web.servlet.handler.MappedInterceptor#0' to allow for resolving potential circular references
19:00:01,933 DEBUG DefaultListableBeanFactory:478 - Finished creating instance of bean 'org.springframework.web.servlet.handler.MappedInterceptor#0'
19:00:01,934 DEBUG DefaultListableBeanFactory:1608 - Invoking afterPropertiesSet() on bean with name 'org.springframework.web.servlet.mvc.method.annotation.RequestMappingHandlerMapping#0'
19:00:01,934 DEBUG RequestMappingHandlerMapping:137 - Looking for request mappings in application context: WebApplicationContext for namespace 'RPCServices': startup date [Tue Dec 23 19:00:01 EST 2014]; parent: Root WebApplicationContext
19:00:01,936 DEBUG DefaultListableBeanFactory:478 - Finished creating instance of bean 'org.springframework.web.servlet.mvc.method.annotation.RequestMappingHandlerMapping#0'
19:00:01,936 DEBUG DefaultListableBeanFactory:247 - Returning cached instance of singleton bean 'org.springframework.format.support.FormattingConversionServiceFactoryBean#0'
19:00:01,936 DEBUG DefaultListableBeanFactory:221 - Creating shared instance of singleton bean 'org.springframework.web.servlet.mvc.method.annotation.RequestMappingHandlerAdapter#0'
19:00:01,936 DEBUG DefaultListableBeanFactory:450 - Creating instance of bean 'org.springframework.web.servlet.mvc.method.annotation.RequestMappingHandlerAdapter#0'
19:00:02,021 DEBUG DefaultListableBeanFactory:523 - Eagerly caching bean 'org.springframework.web.servlet.mvc.method.annotation.RequestMappingHandlerAdapter#0' to allow for resolving potential circular references
19:00:02,030 DEBUG DefaultListableBeanFactory:247 - Returning cached instance of singleton bean 'mvcContentNegotiationManager'
19:00:02,030 DEBUG DefaultListableBeanFactory:450 - Creating instance of bean '(inner bean)#63b68d94'
19:00:02,034 DEBUG DefaultListableBeanFactory:247 - Returning cached instance of singleton bean 'org.springframework.format.support.FormattingConversionServiceFactoryBean#0'
19:00:02,034 DEBUG DefaultListableBeanFactory:478 - Finished creating instance of bean '(inner bean)#63b68d94'
19:00:02,035 DEBUG DefaultListableBeanFactory:450 - Creating instance of bean '(inner bean)#60c3c35e'
19:00:02,040 DEBUG DefaultListableBeanFactory:478 - Finished creating instance of bean '(inner bean)#60c3c35e'
19:00:02,040 DEBUG DefaultListableBeanFactory:450 - Creating instance of bean '(inner bean)#13c9c980'
19:00:02,044 DEBUG DefaultListableBeanFactory:478 - Finished creating instance of bean '(inner bean)#13c9c980'
19:00:02,044 DEBUG DefaultListableBeanFactory:450 - Creating instance of bean '(inner bean)#35207b86'
19:00:02,047 DEBUG DefaultListableBeanFactory:478 - Finished creating instance of bean '(inner bean)#35207b86'
19:00:02,047 DEBUG DefaultListableBeanFactory:450 - Creating instance of bean '(inner bean)#73a68f0'
19:00:02,051 DEBUG DefaultListableBeanFactory:478 - Finished creating instance of bean '(inner bean)#73a68f0'
19:00:02,051 DEBUG DefaultListableBeanFactory:450 - Creating instance of bean '(inner bean)#1a33858c'
19:00:02,057 DEBUG DefaultListableBeanFactory:478 - Finished creating instance of bean '(inner bean)#1a33858c'
19:00:02,057 DEBUG DefaultListableBeanFactory:450 - Creating instance of bean '(inner bean)#5a4f889'
19:00:02,101 DEBUG DefaultListableBeanFactory:478 - Finished creating instance of bean '(inner bean)#5a4f889'
19:00:02,105 DEBUG DefaultListableBeanFactory:1608 - Invoking afterPropertiesSet() on bean with name 'org.springframework.web.servlet.mvc.method.annotation.RequestMappingHandlerAdapter#0'
19:00:02,105  INFO RequestMappingHandlerAdapter:518 - Looking for @ControllerAdvice: WebApplicationContext for namespace 'RPCServices': startup date [Tue Dec 23 19:00:01 EST 2014]; parent: Root WebApplicationContext
19:00:02,122 DEBUG DefaultListableBeanFactory:478 - Finished creating instance of bean 'org.springframework.web.servlet.mvc.method.annotation.RequestMappingHandlerAdapter#0'
19:00:02,122 DEBUG DefaultListableBeanFactory:221 - Creating shared instance of singleton bean 'mvcUriComponentsContributor'
19:00:02,122 DEBUG DefaultListableBeanFactory:450 - Creating instance of bean 'mvcUriComponentsContributor'
19:00:02,123 DEBUG DefaultListableBeanFactory:523 - Eagerly caching bean 'mvcUriComponentsContributor' to allow for resolving potential circular references
19:00:02,125 DEBUG DefaultListableBeanFactory:450 - Creating instance of bean '(inner bean)#75c743f2'
19:00:02,130 DEBUG DefaultListableBeanFactory:247 - Returning cached instance of singleton bean 'mvcContentNegotiationManager'
19:00:02,131 DEBUG DefaultListableBeanFactory:450 - Creating instance of bean '(inner bean)#63b68d94#1'
19:00:02,131 DEBUG DefaultListableBeanFactory:247 - Returning cached instance of singleton bean 'org.springframework.format.support.FormattingConversionServiceFactoryBean#0'
19:00:02,131 DEBUG DefaultListableBeanFactory:478 - Finished creating instance of bean '(inner bean)#63b68d94#1'
19:00:02,131 DEBUG DefaultListableBeanFactory:450 - Creating instance of bean '(inner bean)#60c3c35e#1'
19:00:02,132 DEBUG DefaultListableBeanFactory:478 - Finished creating instance of bean '(inner bean)#60c3c35e#1'
19:00:02,132 DEBUG DefaultListableBeanFactory:450 - Creating instance of bean '(inner bean)#13c9c980#1'
19:00:02,135 DEBUG DefaultListableBeanFactory:478 - Finished creating instance of bean '(inner bean)#13c9c980#1'
19:00:02,135 DEBUG DefaultListableBeanFactory:450 - Creating instance of bean '(inner bean)#35207b86#1'
19:00:02,136 DEBUG DefaultListableBeanFactory:478 - Finished creating instance of bean '(inner bean)#35207b86#1'
19:00:02,136 DEBUG DefaultListableBeanFactory:450 - Creating instance of bean '(inner bean)#73a68f0#1'
19:00:02,137 DEBUG DefaultListableBeanFactory:478 - Finished creating instance of bean '(inner bean)#73a68f0#1'
19:00:02,138 DEBUG DefaultListableBeanFactory:450 - Creating instance of bean '(inner bean)#1a33858c#1'
19:00:02,140 DEBUG DefaultListableBeanFactory:478 - Finished creating instance of bean '(inner bean)#1a33858c#1'
19:00:02,141 DEBUG DefaultListableBeanFactory:450 - Creating instance of bean '(inner bean)#5a4f889#1'
19:00:02,142 DEBUG DefaultListableBeanFactory:478 - Finished creating instance of bean '(inner bean)#5a4f889#1'
19:00:02,143 DEBUG DefaultListableBeanFactory:1608 - Invoking afterPropertiesSet() on bean with name '(inner bean)#75c743f2'
19:00:02,143  INFO RequestMappingHandlerAdapter:518 - Looking for @ControllerAdvice: WebApplicationContext for namespace 'RPCServices': startup date [Tue Dec 23 19:00:01 EST 2014]; parent: Root WebApplicationContext
19:00:02,143 DEBUG DefaultListableBeanFactory:243 - Returning eagerly cached instance of singleton bean 'mvcUriComponentsContributor' that is not fully initialized yet - a consequence of a circular reference
19:00:02,144 DEBUG DefaultListableBeanFactory:478 - Finished creating instance of bean '(inner bean)#75c743f2'
19:00:02,145 DEBUG DefaultListableBeanFactory:247 - Returning cached instance of singleton bean 'org.springframework.format.support.FormattingConversionServiceFactoryBean#0'
19:00:02,145 DEBUG DefaultListableBeanFactory:1608 - Invoking afterPropertiesSet() on bean with name 'mvcUriComponentsContributor'
19:00:02,145 DEBUG DefaultListableBeanFactory:478 - Finished creating instance of bean 'mvcUriComponentsContributor'
19:00:02,145 DEBUG DefaultListableBeanFactory:247 - Returning cached instance of singleton bean 'org.springframework.web.servlet.handler.MappedInterceptor#0'
19:00:02,145 DEBUG DefaultListableBeanFactory:221 - Creating shared instance of singleton bean 'org.springframework.web.servlet.mvc.method.annotation.ExceptionHandlerExceptionResolver#0'
19:00:02,146 DEBUG DefaultListableBeanFactory:450 - Creating instance of bean 'org.springframework.web.servlet.mvc.method.annotation.ExceptionHandlerExceptionResolver#0'
19:00:02,151 DEBUG DefaultListableBeanFactory:523 - Eagerly caching bean 'org.springframework.web.servlet.mvc.method.annotation.ExceptionHandlerExceptionResolver#0' to allow for resolving potential circular references
19:00:02,158 DEBUG DefaultListableBeanFactory:247 - Returning cached instance of singleton bean 'mvcContentNegotiationManager'
19:00:02,158 DEBUG DefaultListableBeanFactory:450 - Creating instance of bean '(inner bean)#60c3c35e#2'
19:00:02,159 DEBUG DefaultListableBeanFactory:478 - Finished creating instance of bean '(inner bean)#60c3c35e#2'
19:00:02,159 DEBUG DefaultListableBeanFactory:450 - Creating instance of bean '(inner bean)#13c9c980#2'
19:00:02,161 DEBUG DefaultListableBeanFactory:478 - Finished creating instance of bean '(inner bean)#13c9c980#2'
19:00:02,161 DEBUG DefaultListableBeanFactory:450 - Creating instance of bean '(inner bean)#35207b86#2'
19:00:02,162 DEBUG DefaultListableBeanFactory:478 - Finished creating instance of bean '(inner bean)#35207b86#2'
19:00:02,162 DEBUG DefaultListableBeanFactory:450 - Creating instance of bean '(inner bean)#73a68f0#2'
19:00:02,163 DEBUG DefaultListableBeanFactory:478 - Finished creating instance of bean '(inner bean)#73a68f0#2'
19:00:02,164 DEBUG DefaultListableBeanFactory:450 - Creating instance of bean '(inner bean)#1a33858c#2'
19:00:02,166 DEBUG DefaultListableBeanFactory:478 - Finished creating instance of bean '(inner bean)#1a33858c#2'
19:00:02,166 DEBUG DefaultListableBeanFactory:450 - Creating instance of bean '(inner bean)#5a4f889#2'
19:00:02,167 DEBUG DefaultListableBeanFactory:478 - Finished creating instance of bean '(inner bean)#5a4f889#2'
19:00:02,168 DEBUG DefaultListableBeanFactory:1608 - Invoking afterPropertiesSet() on bean with name 'org.springframework.web.servlet.mvc.method.annotation.ExceptionHandlerExceptionResolver#0'
19:00:02,168 DEBUG ExceptionHandlerExceptionResolver:257 - Looking for exception mappings: WebApplicationContext for namespace 'RPCServices': startup date [Tue Dec 23 19:00:01 EST 2014]; parent: Root WebApplicationContext
19:00:02,169 DEBUG DefaultListableBeanFactory:478 - Finished creating instance of bean 'org.springframework.web.servlet.mvc.method.annotation.ExceptionHandlerExceptionResolver#0'
19:00:02,169 DEBUG DefaultListableBeanFactory:221 - Creating shared instance of singleton bean 'org.springframework.web.servlet.mvc.annotation.ResponseStatusExceptionResolver#0'
19:00:02,169 DEBUG DefaultListableBeanFactory:450 - Creating instance of bean 'org.springframework.web.servlet.mvc.annotation.ResponseStatusExceptionResolver#0'
19:00:02,170 DEBUG DefaultListableBeanFactory:523 - Eagerly caching bean 'org.springframework.web.servlet.mvc.annotation.ResponseStatusExceptionResolver#0' to allow for resolving potential circular references
19:00:02,172 DEBUG DefaultListableBeanFactory:478 - Finished creating instance of bean 'org.springframework.web.servlet.mvc.annotation.ResponseStatusExceptionResolver#0'
19:00:02,172 DEBUG DefaultListableBeanFactory:221 - Creating shared instance of singleton bean 'org.springframework.web.servlet.mvc.support.DefaultHandlerExceptionResolver#0'
19:00:02,172 DEBUG DefaultListableBeanFactory:450 - Creating instance of bean 'org.springframework.web.servlet.mvc.support.DefaultHandlerExceptionResolver#0'
19:00:02,173 DEBUG DefaultListableBeanFactory:523 - Eagerly caching bean 'org.springframework.web.servlet.mvc.support.DefaultHandlerExceptionResolver#0' to allow for resolving potential circular references
19:00:02,174 DEBUG DefaultListableBeanFactory:478 - Finished creating instance of bean 'org.springframework.web.servlet.mvc.support.DefaultHandlerExceptionResolver#0'
19:00:02,174 DEBUG DefaultListableBeanFactory:221 - Creating shared instance of singleton bean 'org.springframework.web.servlet.handler.BeanNameUrlHandlerMapping'
19:00:02,174 DEBUG DefaultListableBeanFactory:450 - Creating instance of bean 'org.springframework.web.servlet.handler.BeanNameUrlHandlerMapping'
19:00:02,176 DEBUG DefaultListableBeanFactory:523 - Eagerly caching bean 'org.springframework.web.servlet.handler.BeanNameUrlHandlerMapping' to allow for resolving potential circular references
19:00:02,181 DEBUG DefaultListableBeanFactory:247 - Returning cached instance of singleton bean 'org.springframework.web.servlet.handler.MappedInterceptor#0'
19:00:02,181 DEBUG BeanNameUrlHandlerMapping:71 - Looking for URL mappings in application context: WebApplicationContext for namespace 'RPCServices': startup date [Tue Dec 23 19:00:01 EST 2014]; parent: Root WebApplicationContext
19:00:02,181 DEBUG BeanNameUrlHandlerMapping:86 - Rejected bean name 'org.springframework.context.annotation.internalConfigurationAnnotationProcessor': no URL paths identified
19:00:02,181 DEBUG BeanNameUrlHandlerMapping:86 - Rejected bean name 'org.springframework.context.annotation.internalAutowiredAnnotationProcessor': no URL paths identified
19:00:02,181 DEBUG BeanNameUrlHandlerMapping:86 - Rejected bean name 'org.springframework.context.annotation.internalRequiredAnnotationProcessor': no URL paths identified
19:00:02,181 DEBUG BeanNameUrlHandlerMapping:86 - Rejected bean name 'org.springframework.context.annotation.internalCommonAnnotationProcessor': no URL paths identified
19:00:02,182 DEBUG BeanNameUrlHandlerMapping:86 - Rejected bean name 'mvcContentNegotiationManager': no URL paths identified
19:00:02,182 DEBUG BeanNameUrlHandlerMapping:86 - Rejected bean name 'org.springframework.web.servlet.mvc.method.annotation.RequestMappingHandlerMapping#0': no URL paths identified
19:00:02,182 DEBUG BeanNameUrlHandlerMapping:86 - Rejected bean name 'org.springframework.format.support.FormattingConversionServiceFactoryBean#0': no URL paths identified
19:00:02,182 DEBUG BeanNameUrlHandlerMapping:86 - Rejected bean name 'org.springframework.web.servlet.mvc.method.annotation.RequestMappingHandlerAdapter#0': no URL paths identified
19:00:02,182 DEBUG BeanNameUrlHandlerMapping:86 - Rejected bean name 'mvcUriComponentsContributor': no URL paths identified
19:00:02,182 DEBUG BeanNameUrlHandlerMapping:86 - Rejected bean name 'org.springframework.web.servlet.handler.MappedInterceptor#0': no URL paths identified
19:00:02,182 DEBUG BeanNameUrlHandlerMapping:86 - Rejected bean name 'org.springframework.web.servlet.mvc.method.annotation.ExceptionHandlerExceptionResolver#0': no URL paths identified
19:00:02,182 DEBUG BeanNameUrlHandlerMapping:86 - Rejected bean name 'org.springframework.web.servlet.mvc.annotation.ResponseStatusExceptionResolver#0': no URL paths identified
19:00:02,183 DEBUG BeanNameUrlHandlerMapping:86 - Rejected bean name 'org.springframework.web.servlet.mvc.support.DefaultHandlerExceptionResolver#0': no URL paths identified
19:00:02,183 DEBUG BeanNameUrlHandlerMapping:86 - Rejected bean name 'org.springframework.web.servlet.handler.BeanNameUrlHandlerMapping': no URL paths identified
19:00:02,183 DEBUG BeanNameUrlHandlerMapping:86 - Rejected bean name 'org.springframework.web.servlet.mvc.HttpRequestHandlerAdapter': no URL paths identified
19:00:02,183 DEBUG BeanNameUrlHandlerMapping:86 - Rejected bean name 'org.springframework.web.servlet.mvc.SimpleControllerHandlerAdapter': no URL paths identified
19:00:02,183 DEBUG BeanNameUrlHandlerMapping:86 - Rejected bean name 'org.springframework.web.servlet.mvc.annotation.AnnotationMethodHandlerAdapter#0': no URL paths identified
19:00:02,183 DEBUG BeanNameUrlHandlerMapping:86 - Rejected bean name 'org.springframework.context.annotation.ConfigurationClassPostProcessor.importAwareProcessor': no URL paths identified
19:00:02,183 DEBUG BeanNameUrlHandlerMapping:86 - Rejected bean name 'org.springframework.context.annotation.ConfigurationClassPostProcessor.enhancedConfigurationProcessor': no URL paths identified
19:00:02,183 DEBUG BeanNameUrlHandlerMapping:86 - Rejected bean name 'environment': no URL paths identified
19:00:02,183 DEBUG BeanNameUrlHandlerMapping:86 - Rejected bean name 'systemProperties': no URL paths identified
19:00:02,184 DEBUG BeanNameUrlHandlerMapping:86 - Rejected bean name 'systemEnvironment': no URL paths identified
19:00:02,184 DEBUG BeanNameUrlHandlerMapping:86 - Rejected bean name 'servletConfig': no URL paths identified
19:00:02,184 DEBUG BeanNameUrlHandlerMapping:86 - Rejected bean name 'messageSource': no URL paths identified
19:00:02,184 DEBUG BeanNameUrlHandlerMapping:86 - Rejected bean name 'applicationEventMulticaster': no URL paths identified
19:00:02,184 DEBUG DefaultListableBeanFactory:478 - Finished creating instance of bean 'org.springframework.web.servlet.handler.BeanNameUrlHandlerMapping'
19:00:02,184 DEBUG DefaultListableBeanFactory:221 - Creating shared instance of singleton bean 'org.springframework.web.servlet.mvc.HttpRequestHandlerAdapter'
19:00:02,184 DEBUG DefaultListableBeanFactory:450 - Creating instance of bean 'org.springframework.web.servlet.mvc.HttpRequestHandlerAdapter'
19:00:02,185 DEBUG DefaultListableBeanFactory:523 - Eagerly caching bean 'org.springframework.web.servlet.mvc.HttpRequestHandlerAdapter' to allow for resolving potential circular references
19:00:02,186 DEBUG DefaultListableBeanFactory:478 - Finished creating instance of bean 'org.springframework.web.servlet.mvc.HttpRequestHandlerAdapter'
19:00:02,186 DEBUG DefaultListableBeanFactory:221 - Creating shared instance of singleton bean 'org.springframework.web.servlet.mvc.SimpleControllerHandlerAdapter'
19:00:02,186 DEBUG DefaultListableBeanFactory:450 - Creating instance of bean 'org.springframework.web.servlet.mvc.SimpleControllerHandlerAdapter'
19:00:02,186 DEBUG DefaultListableBeanFactory:523 - Eagerly caching bean 'org.springframework.web.servlet.mvc.SimpleControllerHandlerAdapter' to allow for resolving potential circular references
19:00:02,187 DEBUG DefaultListableBeanFactory:478 - Finished creating instance of bean 'org.springframework.web.servlet.mvc.SimpleControllerHandlerAdapter'
19:00:02,187 DEBUG DefaultListableBeanFactory:221 - Creating shared instance of singleton bean 'org.springframework.web.servlet.mvc.annotation.AnnotationMethodHandlerAdapter#0'
19:00:02,188 DEBUG DefaultListableBeanFactory:450 - Creating instance of bean 'org.springframework.web.servlet.mvc.annotation.AnnotationMethodHandlerAdapter#0'
19:00:02,193 DEBUG DefaultListableBeanFactory:523 - Eagerly caching bean 'org.springframework.web.servlet.mvc.annotation.AnnotationMethodHandlerAdapter#0' to allow for resolving potential circular references
19:00:02,197 DEBUG DefaultListableBeanFactory:478 - Finished creating instance of bean 'org.springframework.web.servlet.mvc.annotation.AnnotationMethodHandlerAdapter#0'
19:00:02,197 DEBUG DefaultListableBeanFactory:247 - Returning cached instance of singleton bean 'org.springframework.context.annotation.ConfigurationClassPostProcessor.importAwareProcessor'
19:00:02,197 DEBUG DefaultListableBeanFactory:247 - Returning cached instance of singleton bean 'org.springframework.context.annotation.ConfigurationClassPostProcessor.enhancedConfigurationProcessor'
19:00:02,197 DEBUG XmlWebApplicationContext:697 - Unable to locate LifecycleProcessor with name 'lifecycleProcessor': using default [org.springframework.context.support.DefaultLifecycleProcessor@43e4bfc6]
19:00:02,197 DEBUG DefaultListableBeanFactory:247 - Returning cached instance of singleton bean 'lifecycleProcessor'
19:00:02,198 DEBUG DispatcherServlet:490 - Unable to locate MultipartResolver with name 'multipartResolver': no multipart request handling provided
19:00:02,198 DEBUG DefaultListableBeanFactory:450 - Creating instance of bean 'org.springframework.web.servlet.i18n.AcceptHeaderLocaleResolver'
19:00:02,199 DEBUG DefaultListableBeanFactory:478 - Finished creating instance of bean 'org.springframework.web.servlet.i18n.AcceptHeaderLocaleResolver'
19:00:02,199 DEBUG DispatcherServlet:512 - Unable to locate LocaleResolver with name 'localeResolver': using default [org.springframework.web.servlet.i18n.AcceptHeaderLocaleResolver@15ed9922]
19:00:02,200 DEBUG DefaultListableBeanFactory:450 - Creating instance of bean 'org.springframework.web.servlet.theme.FixedThemeResolver'
19:00:02,202 DEBUG DefaultListableBeanFactory:478 - Finished creating instance of bean 'org.springframework.web.servlet.theme.FixedThemeResolver'
19:00:02,202 DEBUG DispatcherServlet:534 - Unable to locate ThemeResolver with name 'themeResolver': using default [org.springframework.web.servlet.theme.FixedThemeResolver@4d8e1e32]
19:00:02,203 DEBUG DefaultListableBeanFactory:247 - Returning cached instance of singleton bean 'org.springframework.web.servlet.mvc.method.annotation.RequestMappingHandlerMapping#0'
19:00:02,203 DEBUG DefaultListableBeanFactory:247 - Returning cached instance of singleton bean 'org.springframework.web.servlet.handler.BeanNameUrlHandlerMapping'
19:00:02,203 DEBUG DefaultListableBeanFactory:247 - Returning cached instance of singleton bean 'org.springframework.web.servlet.mvc.method.annotation.RequestMappingHandlerAdapter#0'
19:00:02,203 DEBUG DefaultListableBeanFactory:247 - Returning cached instance of singleton bean 'org.springframework.web.servlet.mvc.HttpRequestHandlerAdapter'
19:00:02,203 DEBUG DefaultListableBeanFactory:247 - Returning cached instance of singleton bean 'org.springframework.web.servlet.mvc.SimpleControllerHandlerAdapter'
19:00:02,204 DEBUG DefaultListableBeanFactory:247 - Returning cached instance of singleton bean 'org.springframework.web.servlet.mvc.annotation.AnnotationMethodHandlerAdapter#0'
19:00:02,204 DEBUG DefaultListableBeanFactory:247 - Returning cached instance of singleton bean 'org.springframework.web.servlet.mvc.method.annotation.ExceptionHandlerExceptionResolver#0'
19:00:02,204 DEBUG DefaultListableBeanFactory:247 - Returning cached instance of singleton bean 'org.springframework.web.servlet.mvc.annotation.ResponseStatusExceptionResolver#0'
19:00:02,204 DEBUG DefaultListableBeanFactory:247 - Returning cached instance of singleton bean 'org.springframework.web.servlet.mvc.support.DefaultHandlerExceptionResolver#0'
19:00:02,205 DEBUG DefaultListableBeanFactory:450 - Creating instance of bean 'org.springframework.web.servlet.view.DefaultRequestToViewNameTranslator'
19:00:02,207 DEBUG DefaultListableBeanFactory:478 - Finished creating instance of bean 'org.springframework.web.servlet.view.DefaultRequestToViewNameTranslator'
19:00:02,207 DEBUG DispatcherServlet:672 - Unable to locate RequestToViewNameTranslator with name 'viewNameTranslator': using default [org.springframework.web.servlet.view.DefaultRequestToViewNameTranslator@75eb8a89]
19:00:02,208 DEBUG DefaultListableBeanFactory:450 - Creating instance of bean 'org.springframework.web.servlet.view.InternalResourceViewResolver'
19:00:02,219 DEBUG DefaultListableBeanFactory:478 - Finished creating instance of bean 'org.springframework.web.servlet.view.InternalResourceViewResolver'
19:00:02,219 DEBUG DispatcherServlet:712 - No ViewResolvers found in servlet 'RPCServices': using default
19:00:02,220 DEBUG DefaultListableBeanFactory:450 - Creating instance of bean 'org.springframework.web.servlet.support.SessionFlashMapManager'
19:00:02,223 DEBUG DefaultListableBeanFactory:478 - Finished creating instance of bean 'org.springframework.web.servlet.support.SessionFlashMapManager'
19:00:02,223 DEBUG DispatcherServlet:734 - Unable to locate FlashMapManager with name 'flashMapManager': using default [org.springframework.web.servlet.support.SessionFlashMapManager@6ff154c9]
19:00:02,223 DEBUG PropertySourcesPropertyResolver:81 - Searching for key 'spring.liveBeansView.mbeanDomain' in [servletConfigInitParams]
19:00:02,223 DEBUG PropertySourcesPropertyResolver:81 - Searching for key 'spring.liveBeansView.mbeanDomain' in [servletContextInitParams]
19:00:02,224 DEBUG PropertySourcesPropertyResolver:81 - Searching for key 'spring.liveBeansView.mbeanDomain' in [jndiProperties]
19:00:02,224 DEBUG JndiTemplate:150 - Looking up JNDI object with name [java:comp/env/spring.liveBeansView.mbeanDomain]
19:00:02,224 DEBUG JndiLocatorDelegate:101 - Converted JNDI name [java:comp/env/spring.liveBeansView.mbeanDomain] not found - trying original name [spring.liveBeansView.mbeanDomain]. javax.naming.NameNotFoundException; remaining name 'spring.liveBeansView.mbeanDomain'
19:00:02,224 DEBUG JndiTemplate:150 - Looking up JNDI object with name [spring.liveBeansView.mbeanDomain]
19:00:02,224 DEBUG JndiPropertySource:90 - JNDI lookup for name [spring.liveBeansView.mbeanDomain] threw NamingException with message: null. Returning null.
19:00:02,224 DEBUG PropertySourcesPropertyResolver:81 - Searching for key 'spring.liveBeansView.mbeanDomain' in [systemProperties]
19:00:02,224 DEBUG PropertySourcesPropertyResolver:81 - Searching for key 'spring.liveBeansView.mbeanDomain' in [systemEnvironment]
19:00:02,225 DEBUG PropertySourcesPropertyResolver:103 - Could not find key 'spring.liveBeansView.mbeanDomain' in any property source. Returning [null]
19:00:02,225 DEBUG DispatcherServlet:563 - Published WebApplicationContext of servlet 'RPCServices' as ServletContext attribute with name [org.springframework.web.servlet.FrameworkServlet.CONTEXT.RPCServices]
19:00:02,225  INFO DispatcherServlet:503 - FrameworkServlet 'RPCServices': initialization completed in 438 ms
19:00:02,225 DEBUG DispatcherServlet:139 - Servlet 'RPCServices' configured successfully
19:00:46,345 DEBUG DispatcherServlet:845 - DispatcherServlet with name 'RPCServices' processing GET request for [/]
19:00:46,347 DEBUG RequestMappingHandlerMapping:297 - Looking up handler method for path /
19:00:46,347 DEBUG RequestMappingHandlerMapping:305 - Did not find handler method for [/]
19:00:46,348  WARN PageNotFound:1120 - No mapping found for HTTP request with URI [/] in DispatcherServlet with name 'RPCServices'
19:00:46,353 DEBUG DispatcherServlet:996 - Successfully completed request
19:00:46,479 DEBUG DispatcherServlet:845 - DispatcherServlet with name 'RPCServices' processing GET request for [/favicon.ico]
19:00:46,479 DEBUG RequestMappingHandlerMapping:297 - Looking up handler method for path /favicon.ico
19:00:46,479 DEBUG RequestMappingHandlerMapping:305 - Did not find handler method for [/favicon.ico]
19:00:46,480  WARN PageNotFound:1120 - No mapping found for HTTP request with URI [/favicon.ico] in DispatcherServlet with name 'RPCServices'
19:00:46,481 DEBUG DispatcherServlet:996 - Successfully completed request
19:00:56,218 DEBUG DispatcherServlet:845 - DispatcherServlet with name 'RPCServices' processing GET request for [/api/version]
19:00:56,219 DEBUG RequestMappingHandlerMapping:297 - Looking up handler method for path /api/version
19:00:56,219 DEBUG RequestMappingHandlerMapping:305 - Did not find handler method for [/api/version]
19:00:56,219  WARN PageNotFound:1120 - No mapping found for HTTP request with URI [/api/version] in DispatcherServlet with name 'RPCServices'
19:00:56,220 DEBUG DispatcherServlet:996 - Successfully completed request
19:01:20,904  INFO XmlWebApplicationContext:862 - Closing WebApplicationContext for namespace 'RPCServices': startup date [Tue Dec 23 19:00:01 EST 2014]; parent: Root WebApplicationContext
19:01:20,906 DEBUG DefaultListableBeanFactory:247 - Returning cached instance of singleton bean 'lifecycleProcessor'
19:01:20,906 DEBUG DefaultListableBeanFactory:512 - Destroying singletons in org.springframework.beans.factory.support.DefaultListableBeanFactory@7593d2a6: defining beans [org.springframework.context.annotation.internalConfigurationAnnotationProcessor,org.springframework.context.annotation.internalAutowiredAnnotationProcessor,org.springframework.context.annotation.internalRequiredAnnotationProcessor,org.springframework.context.annotation.internalCommonAnnotationProcessor,mvcContentNegotiationManager,org.springframework.web.servlet.mvc.method.annotation.RequestMappingHandlerMapping#0,org.springframework.format.support.FormattingConversionServiceFactoryBean#0,org.springframework.web.servlet.mvc.method.annotation.RequestMappingHandlerAdapter#0,mvcUriComponentsContributor,org.springframework.web.servlet.handler.MappedInterceptor#0,org.springframework.web.servlet.mvc.method.annotation.ExceptionHandlerExceptionResolver#0,org.springframework.web.servlet.mvc.annotation.ResponseStatusExceptionResolver#0,org.springframework.web.servlet.mvc.support.DefaultHandlerExceptionResolver#0,org.springframework.web.servlet.handler.BeanNameUrlHandlerMapping,org.springframework.web.servlet.mvc.HttpRequestHandlerAdapter,org.springframework.web.servlet.mvc.SimpleControllerHandlerAdapter,org.springframework.web.servlet.mvc.annotation.AnnotationMethodHandlerAdapter#0,org.springframework.context.annotation.ConfigurationClassPostProcessor.importAwareProcessor,org.springframework.context.annotation.ConfigurationClassPostProcessor.enhancedConfigurationProcessor]; parent: org.springframework.beans.factory.support.DefaultListableBeanFactory@4bd47cf1
19:01:20,908 DEBUG DefaultListableBeanFactory:568 - Retrieved dependent beans for bean '(inner bean)#60c3c35e#2': [org.springframework.web.servlet.mvc.method.annotation.ExceptionHandlerExceptionResolver#0]
19:01:20,910 DEBUG DefaultListableBeanFactory:568 - Retrieved dependent beans for bean '(inner bean)#75c743f2': [mvcUriComponentsContributor]
19:01:20,911 DEBUG DefaultListableBeanFactory:568 - Retrieved dependent beans for bean '(inner bean)#63b68d94#1': [(inner bean)#75c743f2]
19:01:20,913 DEBUG DefaultListableBeanFactory:568 - Retrieved dependent beans for bean '(inner bean)#63b68d94': [org.springframework.web.servlet.mvc.method.annotation.RequestMappingHandlerAdapter#0]
19:01:20,914 DEBUG DefaultListableBeanFactory:568 - Retrieved dependent beans for bean '(inner bean)#6beddcba': [org.springframework.web.servlet.handler.MappedInterceptor#0]
19:01:20,941  INFO XmlWebApplicationContext:862 - Closing Root WebApplicationContext: startup date [Tue Dec 23 19:00:01 EST 2014]; root of context hierarchy
19:01:20,942 DEBUG DefaultListableBeanFactory:247 - Returning cached instance of singleton bean 'lifecycleProcessor'
19:01:20,942 DEBUG DefaultListableBeanFactory:512 - Destroying singletons in org.springframework.beans.factory.support.DefaultListableBeanFactory@4bd47cf1: defining beans [org.springframework.context.annotation.internalConfigurationAnnotationProcessor,org.springframework.context.annotation.internalAutowiredAnnotationProcessor,org.springframework.context.annotation.internalRequiredAnnotationProcessor,org.springframework.context.annotation.internalCommonAnnotationProcessor,PropertyPlaceholderConfigurer,org.springframework.context.annotation.ConfigurationClassPostProcessor.importAwareProcessor,org.springframework.context.annotation.ConfigurationClassPostProcessor.enhancedConfigurationProcessor]; root of factory hierarchy
